Tue Sep 26 2023 14:57:19 } [PH] error: 
Invalid `transactionCourse.courseToPrerequisite.create()` invocation in
E:\Course\next_level\project\university-management-core-service\src\app\modules\course\course.service.ts:14:54

  11 
  12 if (preRequisiteCourses && preRequisiteCourses.length > 0) {
  13   preRequisiteCourses.forEach(async (item: { courseId: string }) => {
→ 14     await transactionCourse.courseToPrerequisite.create(
Transaction API error: Transaction already closed: Could not perform operation.
Tue Sep 26 2023 14:57:40 } [PH] error: 
Invalid `transactionCourse.courseToPrerequisite.create()` invocation in
E:\Course\next_level\project\university-management-core-service\src\app\modules\course\course.service.ts:14:54

  11 
  12 if (preRequisiteCourses && preRequisiteCourses.length > 0) {
  13   preRequisiteCourses.forEach(async (item: { courseId: string }) => {
→ 14     await transactionCourse.courseToPrerequisite.create(
Transaction API error: Transaction already closed: Could not perform operation.
Tue Sep 26 2023 14:59:11 } [PH] error: 
Invalid `transactionCourse.courseToPrerequisite.create()` invocation in
E:\Course\next_level\project\university-management-core-service\src\app\modules\course\course.service.ts:14:54

  11 
  12 if (preRequisiteCourses && preRequisiteCourses.length > 0) {
  13   preRequisiteCourses.forEach(async (item: { courseId: string }) => {
→ 14     await transactionCourse.courseToPrerequisite.create(
Transaction API error: Transaction already closed: Could not perform operation.
